ISim log file
Running: E:\ise_project\try_parallel_port\main_tb_isim_beh.exe -intstyle ise -gui -tclbatch isim.cmd -wdb E:/ise_project/try_parallel_port/main_tb_isim_beh.wdb 
ISim P.20131013 (signature 0x7708f090)
This is a Full version of ISim.
Time resolution is 1 ps
# onerror resume
# wave add /
# run 1000 ns
Simulator is doing circuit initialization process.
Finished circuit initialization process.

 address 0001010001, data 00000001

 address 0001010000, data 01011011
10011100, 1
00111000, 0
01110000, 0
11100000, 1
11000000, 1
10000000, 1
00000000, 0
00000000, 0


00000001, 0
00000010, 0
00000100, 0
00001000, 0
00010000, 0
00100000, 0
01000000, 0
10000000, 1


10011101, 1
00111010, 0
01110100, 0
11101000, 1
11010000, 1
10100000, 1
01000000, 0
10000000, 1


00000000, 0, 0
00000000, 0, 0
00000000, 0, 0
00000000, 0, 0
00000000, 0, 0
00000001, 1, 1
00000011, 1, 1
00000111, 1, 1
success 00001111
success 00001111
stop                  873
